<?xml version="1.0" encoding="UTF-8"?>
<!-- Generated by org.testng.reporters.JUnitXMLReporter -->
<testsuite hostname="LAPTOP-J19S32R2" ignored="1" name="Test" tests="2" failures="1" timestamp="2022-04-16T13:40:17 IST" time="7.483" errors="0">
  <testcase name="LoginUser" time="0.623" classname="com.test.loginTest"/>
  <testcase name="Select_Product" time="0.013" classname="com.test.productSelectionTest">
    <failure type="java.lang.NullPointerException">
      <![CDATA[java.lang.NullPointerException
at org.openqa.selenium.support.ui.Select.<init>(Select.java:45)
at com.pages.productListPage.selectProduct(productListPage.java:33)
at com.test.productSelectionTest.Select_Product(productSelectionTest.java:19)
at java.util.ArrayList.forEach(ArrayList.java:1259)
... Removed 27 stack frames]]>
    </failure>
  </testcase> <!-- Select_Product -->
  <testcase name="@BeforeSuite setUpEnv" time="0.0" classname="com.base.Setup">
    <ignored/>
  </testcase> <!-- @BeforeSuite setUpEnv -->
</testsuite> <!-- Test -->
