<?xml version="1.0" encoding="UTF-8"?>
<testng-results skipped="0" failed="0" ignored="0" total="1" passed="1">
  <reporter-output>
  </reporter-output>
  <suite name="Default suite" duration-ms="30072" started-at="2022-04-16T18:24:07 IST" finished-at="2022-04-16T18:24:37 IST">
    <groups>
    </groups>
    <test name="Default test" duration-ms="30072" started-at="2022-04-16T18:24:07 IST" finished-at="2022-04-16T18:24:37 IST">
      <class name="com.test.Scenario3test">
        <test-method status="PASS" signature="setUpEnv()[pri:0, instance:com.test.Scenario3test@a38d7a3]" name="setUpEnv" is-config="true" duration-ms="6" started-at="2022-04-16T18:24:07 IST" finished-at="2022-04-16T18:24:07 IST">
          <reporter-output>
          </reporter-output>
        </test-method> <!-- setUpEnv -->
        <test-method status="PASS" signature="setUp()[pri:0, instance:com.test.Scenario3test@a38d7a3]" name="setUp" is-config="true" duration-ms="2553" started-at="2022-04-16T18:24:07 IST" finished-at="2022-04-16T18:24:10 IST">
          <reporter-output>
          </reporter-output>
        </test-method> <!-- setUp -->
        <test-method status="PASS" signature="LoginUser()[pri:0, instance:com.test.Scenario3test@a38d7a3]" name="LoginUser" duration-ms="27483" started-at="2022-04-16T18:24:10 IST" finished-at="2022-04-16T18:24:37 IST">
          <reporter-output>
          </reporter-output>
        </test-method> <!-- LoginUser -->
        <test-method status="PASS" signature="FailedTestCases(org.testng.ITestResult)[pri:0, instance:com.test.Scenario3test@a38d7a3]" name="FailedTestCases" is-config="true" duration-ms="1" started-at="2022-04-16T18:24:37 IST" finished-at="2022-04-16T18:24:37 IST">
          <params>
            <param index="0">
              <value>
                <![CDATA[[TestResult name=LoginUser status=SUCCESS method=Scenario3test.LoginUser()[pri:0, instance:com.test.Scenario3test@a38d7a3] output={null}]]]>
              </value>
            </param>
          </params>
          <reporter-output>
          </reporter-output>
        </test-method> <!-- FailedTestCases -->
      </class> <!-- com.test.Scenario3test -->
    </test> <!-- Default test -->
  </suite> <!-- Default suite -->
</testng-results>
